Flow report for encoder-checker-crc8
Wed Dec 09 19:34:51 2020
Quartus Prime Version 20.1.0 Build 711 06/05/2020 SJ Lite Edition


---------------------
; Table of Contents ;
---------------------
  1. Legal Notice
  2. Flow Summary
  3. Flow Settings
  4. Flow Non-Default Global Settings
  5. Flow Elapsed Time
  6. Flow OS Summary
  7. Flow Log
  8. Flow Messages
  9. Flow Suppressed Messages



----------------
; Legal Notice ;
----------------
Copyright (C) 2020  Intel Corporation. All rights reserved.
Your use of Intel Corporation's design tools, logic functions 
and other software and tools, and any partner logic 
functions, and any output files from any of the foregoing 
(including device programming or simulation files), and any 
associated documentation or information are expressly subject 
to the terms and conditions of the Intel Program License 
Subscription Agreement, the Intel Quartus Prime License Agreement,
the Intel FPGA IP License Agreement, or other applicable license
agreement, including, without limitation, that your use is for
the sole purpose of programming logic devices manufactured by
Intel and sold by Intel or its authorized distributors.  Please
refer to the applicable agreement for further details, at
https://fpgasoftware.intel.com/eula.



+----------------------------------------------------------------------------------+
; Flow Summary                                                                     ;
+------------------------------------+---------------------------------------------+
; Flow Status                        ; Successful - Wed Dec 09 19:34:51 2020       ;
; Quartus Prime Version              ; 20.1.0 Build 711 06/05/2020 SJ Lite Edition ;
; Revision Name                      ; encoder-checker-crc8                        ;
; Top-level Entity Name              ; encoder_serial                              ;
; Family                             ; Cyclone IV GX                               ;
; Total logic elements               ; 33 / 14,400 ( < 1 % )                       ;
;     Total combinational functions  ; 33 / 14,400 ( < 1 % )                       ;
;     Dedicated logic registers      ; 17 / 14,400 ( < 1 % )                       ;
; Total registers                    ; 17                                          ;
; Total pins                         ; 5 / 81 ( 6 % )                              ;
; Total virtual pins                 ; 0                                           ;
; Total memory bits                  ; 0 / 552,960 ( 0 % )                         ;
; Embedded Multiplier 9-bit elements ; 0                                           ;
; Total GXB Receiver Channel PCS     ; 0 / 2 ( 0 % )                               ;
; Total GXB Receiver Channel PMA     ; 0 / 2 ( 0 % )                               ;
; Total GXB Transmitter Channel PCS  ; 0 / 2 ( 0 % )                               ;
; Total GXB Transmitter Channel PMA  ; 0 / 2 ( 0 % )                               ;
; Total PLLs                         ; 0 / 3 ( 0 % )                               ;
; Device                             ; EP4CGX15BF14C6                              ;
; Timing Models                      ; Final                                       ;
+------------------------------------+---------------------------------------------+


+------------------------------------------+
; Flow Settings                            ;
+-------------------+----------------------+
; Option            ; Setting              ;
+-------------------+----------------------+
; Start date & time ; 12/09/2020 19:23:36  ;
; Main task         ; Compilation          ;
; Revision Name     ; encoder-checker-crc8 ;
+-------------------+----------------------+


+----------------------------------------------------------------------------------------------------------------------------------------------------------+
; Flow Non-Default Global Settings                                                                                                                         ;
+-------------------------------------+----------------------------------------+----------------------+----------------+-----------------------------------+
; Assignment Name                     ; Value                                  ; Default Value        ; Entity Name    ; Section Id                        ;
+-------------------------------------+----------------------------------------+----------------------+----------------+-----------------------------------+
; COMPILER_SIGNATURE_ID               ; 121367778904.160754181605844           ; --                   ; --             ; --                                ;
; EDA_GENERATE_FUNCTIONAL_NETLIST     ; Off                                    ; --                   ; --             ; eda_board_design_timing           ;
; EDA_GENERATE_FUNCTIONAL_NETLIST     ; Off                                    ; --                   ; --             ; eda_board_design_boundary_scan    ;
; EDA_GENERATE_FUNCTIONAL_NETLIST     ; Off                                    ; --                   ; --             ; eda_board_design_signal_integrity ;
; EDA_GENERATE_FUNCTIONAL_NETLIST     ; Off                                    ; --                   ; --             ; eda_board_design_symbol           ;
; EDA_OUTPUT_DATA_FORMAT              ; Vhdl                                   ; --                   ; --             ; eda_simulation                    ;
; EDA_SIMULATION_TOOL                 ; ModelSim-Altera (VHDL)                 ; <None>               ; --             ; --                                ;
; EDA_TIME_SCALE                      ; 1 ps                                   ; --                   ; --             ; eda_simulation                    ;
; PARTITION_COLOR                     ; -- (Not supported for targeted family) ; --                   ; encoder_serial ; Top                               ;
; PARTITION_FITTER_PRESERVATION_LEVEL ; -- (Not supported for targeted family) ; --                   ; encoder_serial ; Top                               ;
; PARTITION_NETLIST_TYPE              ; -- (Not supported for targeted family) ; --                   ; encoder_serial ; Top                               ;
; PROJECT_OUTPUT_DIRECTORY            ; output_files                           ; --                   ; --             ; --                                ;
; TOP_LEVEL_ENTITY                    ; encoder_serial                         ; encoder-checker-crc8 ; --             ; --                                ;
+-------------------------------------+----------------------------------------+----------------------+----------------+-----------------------------------+


+--------------------------------------------------------------------------------------------------------------------------+
; Flow Elapsed Time                                                                                                        ;
+----------------------+--------------+-------------------------+---------------------+------------------------------------+
; Module Name          ; Elapsed Time ; Average Processors Used ; Peak Virtual Memory ; Total CPU Time (on all processors) ;
+----------------------+--------------+-------------------------+---------------------+------------------------------------+
; Analysis & Synthesis ; 00:00:22     ; 1.0                     ; 4858 MB             ; 00:00:33                           ;
; Fitter               ; 00:00:15     ; 1.0                     ; 5327 MB             ; 00:00:13                           ;
; Assembler            ; 00:00:02     ; 1.0                     ; 4754 MB             ; 00:00:02                           ;
; Timing Analyzer      ; 00:00:05     ; 1.0                     ; 4730 MB             ; 00:00:04                           ;
; EDA Netlist Writer   ; 00:00:01     ; 1.0                     ; 4713 MB             ; 00:00:01                           ;
; EDA Netlist Writer   ; 00:00:01     ; 1.0                     ; 4711 MB             ; 00:00:01                           ;
; EDA Netlist Writer   ; 00:00:01     ; 1.0                     ; 4714 MB             ; 00:00:01                           ;
; EDA Netlist Writer   ; 00:00:01     ; 1.0                     ; 4711 MB             ; 00:00:01                           ;
; EDA Netlist Writer   ; 00:00:01     ; 1.0                     ; 4718 MB             ; 00:00:01                           ;
; Total                ; 00:00:49     ; --                      ; --                  ; 00:00:57                           ;
+----------------------+--------------+-------------------------+---------------------+------------------------------------+


+------------------------------------------------------------------------------------+
; Flow OS Summary                                                                    ;
+----------------------+------------------+------------+------------+----------------+
; Module Name          ; Machine Hostname ; OS Name    ; OS Version ; Processor type ;
+----------------------+------------------+------------+------------+----------------+
; Analysis & Synthesis ; RUISANTOS8DF3    ; Windows 10 ; 10.0       ; x86_64         ;
; Fitter               ; RUISANTOS8DF3    ; Windows 10 ; 10.0       ; x86_64         ;
; Assembler            ; RUISANTOS8DF3    ; Windows 10 ; 10.0       ; x86_64         ;
; Timing Analyzer      ; RUISANTOS8DF3    ; Windows 10 ; 10.0       ; x86_64         ;
; EDA Netlist Writer   ; RUISANTOS8DF3    ; Windows 10 ; 10.0       ; x86_64         ;
; EDA Netlist Writer   ; RUISANTOS8DF3    ; Windows 10 ; 10.0       ; x86_64         ;
; EDA Netlist Writer   ; RUISANTOS8DF3    ; Windows 10 ; 10.0       ; x86_64         ;
; EDA Netlist Writer   ; RUISANTOS8DF3    ; Windows 10 ; 10.0       ; x86_64         ;
; EDA Netlist Writer   ; RUISANTOS8DF3    ; Windows 10 ; 10.0       ; x86_64         ;
+----------------------+------------------+------------+------------+----------------+


------------
; Flow Log ;
------------
quartus_map --read_settings_files=on --write_settings_files=off encoder-checker-crc8 -c encoder-checker-crc8
quartus_fit --read_settings_files=off --write_settings_files=off encoder-checker-crc8 -c encoder-checker-crc8
quartus_asm --read_settings_files=off --write_settings_files=off encoder-checker-crc8 -c encoder-checker-crc8
quartus_sta encoder-checker-crc8 -c encoder-checker-crc8
quartus_eda --read_settings_files=off --write_settings_files=off encoder-checker-crc8 -c encoder-checker-crc8
quartus_eda --gen_testbench --tool=modelsim_oem --format=vhdl --write_settings_files=off encoder-checker-crc8 -c encoder-checker-crc8 --vector_source=C:/Users/ruisantos/Desktop/serial/Waveform29.vwf --testbench_file=C:/Users/ruisantos/Desktop/serial/simulation/qsim/Waveform29.vwf.vht
quartus_eda --write_settings_files=off --simulation=on --functional=on --flatten_buses=off --tool=modelsim_oem --format=vhdl --output_directory=C:/Users/ruisantos/Desktop/serial/simulation/qsim/ encoder-checker-crc8 -c encoder-checker-crc8
quartus_eda --gen_testbench --tool=modelsim_oem --format=vhdl --write_settings_files=off encoder-checker-crc8 -c encoder-checker-crc8 --vector_source=C:/Users/ruisantos/Desktop/serial/Waveform29.vwf --testbench_file=C:/Users/ruisantos/Desktop/serial/simulation/qsim/Waveform29.vwf.vht
quartus_eda --write_settings_files=off --simulation=on --functional=on --flatten_buses=off --tool=modelsim_oem --format=vhdl --output_directory=C:/Users/ruisantos/Desktop/serial/simulation/qsim/ encoder-checker-crc8 -c encoder-checker-crc8



